
Efinix Static Timing Analysis Report
Version: 2023.2.307
Date: Wed Feb 07 17:42:42 2024

Copyright (C) 2013 - 2023  All rights reserved.

Top-level Entity Name: UART

SDC Filename: C:/Users/kaush/Desktop/Vicharak/Onboarding/UART/timing_constraint.sdc

Timing Model: C4
	temperature : 0C to 85C
	voltage : 1.2V +/-50mV
	speedgrade : 4
	technology : s40ll
	status : final

---------- Table of Contents (begin) ----------
   1. Clock Frequency Summary
   2. Clock Relationship Summary
   3. Path Details for Max Critical Paths
   4. Path Details for Min Critical Paths
---------- Table of Contents (end) ------------

---------- 1. Clock Frequency Summary (begin) ----------

User target constrained clocks
 Clock Name  Period (ns)  Frequency (MHz)    Waveform      Targets
   Clock       100.000        10.000      {0.000 50.000}   {Clock}

Maximum possible analyzed clocks frequency
 Clock Name  Period (ns)  Frequency (MHz)     Edge
   Clock        6.879        145.370         (R-R)

Geomean max period: 6.879

---------- Clock Frequency Summary (end) ---------------

---------- 2. Clock Relationship Summary (begin) ----------

Setup (Max) Clock Relationship
  Launch Clock    Capture Clock   Constraint (ns)     Slack (ns)          Edge
     Clock            Clock           100.000           93.121           (R-R)

Hold (Min) Clock Relationship
  Launch Clock    Capture Clock   Constraint (ns)     Slack (ns)          Edge
     Clock            Clock            0.000            0.307            (R-R)

NOTE: Values are in nanoseconds.

---------- Clock Relationship Summary (end) ---------------

---------- 3. Path Details for Max Critical Paths (begin) ----------

################################################################################
Path Detail Report (Clock vs Clock)
################################################################################


++++ Path 1 ++++++++++++++++++++++++++++++++++++++++++++++++++++++++++++++++++++

Path Begin    : top_uart_rx/r_Clock_Count[2]~FF|CLK  
Path End      : top_uart_rx/r_Bit_Index[2]~FF|CE     
Launch Clock  : Clock (RISE)                         
Capture Clock : Clock (RISE)                         
Slack         : 93.121 (required time - arrival time)
Delay         : 6.302                                

Logic Level             : 3
Non-global nets on path : 4
Global nets on path     : 0

Launch Clock Path Delay        :  5.310
+ Clock To Q + Data Path Delay :  6.759
---------------------------------------
End-of-path arrival time       : 12.069

Constraint                     : 100.000
+ Capture Clock Path Delay     :   5.310
- Clock Uncertainty            :   0.120
----------------------------------------
End-of-path required time      : 105.190

Launch Clock Path
               name                  model name   delay (ns)  cumulative delay (ns) pins on net    location
=============================================================================================================
Clock                                  inpad        0.000             0.000               0       (338,323)
Clock                                  inpad        0.200             0.200               2       (338,323)
Clock                                  net          0.320             0.520               2       (338,323)
   Routing elements:
      Manhattan distance of X:1, Y:0
CLKBUF__0|I                            gbuf         4.790             5.310               2       (337,323)
CLKBUF__0|O                            gbuf         0.000             5.310              50       (337,323)
Clock~O                                net          0.000             5.310              50       (337,323)
top_uart_rx/r_Clock_Count[2]~FF|CLK    ff           0.000             5.310              50       (18,34)  

Data Path
              name                 model name   delay (ns)  cumulative delay (ns) pins on net    location
===========================================================================================================
top_uart_rx/r_Clock_Count[2]~FF|Q     ff          0.282             0.282              6         (18,34)
top_uart_rx/r_Clock_Count[2]          net         1.716             1.998              6         (18,34)
   Routing elements:
      Manhattan distance of X:0, Y:3
LUT__170|in[0]                        lut         0.000             1.998              6         (18,37)
LUT__170|out                          lut         0.000             1.998              4         (18,37)
n119                                  net         1.707             3.705              4         (18,37)
   Routing elements:
      Manhattan distance of X:5, Y:1
LUT__175|in[0]                        lut         0.000             3.705              4         (13,38)
LUT__175|out                          lut         0.000             3.705              9         (13,38)
n121                                  net         0.803             4.508              9         (13,38)
   Routing elements:
      Manhattan distance of X:0, Y:7
LUT__188|in[1]                        lut         0.000             4.508              9         (13,45)
LUT__188|out                          lut         0.000             4.508              4         (13,45)
ceg_net85                             net         2.076             6.584              4         (13,45)
   Routing elements:
      Manhattan distance of X:3, Y:4
top_uart_rx/r_Bit_Index[2]~FF|CE      ff          0.175             6.759              4         (16,49)

Capture Clock Path
              name                 model name   delay (ns)  cumulative delay (ns) pins on net    location
===========================================================================================================
Clock                                inpad        0.000             0.000               0       (338,323)
Clock                                inpad        0.200             0.200               2       (338,323)
Clock                                net          0.320             0.520               2       (338,323)
   Routing elements:
      Manhattan distance of X:1, Y:0
CLKBUF__0|I                          gbuf         4.790             5.310               2       (337,323)
CLKBUF__0|O                          gbuf         0.000             5.310              50       (337,323)
Clock~O                              net          0.000             5.310              50       (337,323)
top_uart_rx/r_Bit_Index[2]~FF|CLK    ff           0.000             5.310              50       (16,49)  

++++ Path 2 ++++++++++++++++++++++++++++++++++++++++++++++++++++++++++++++++++++

Path Begin    : top_uart_rx/r_Clock_Count[2]~FF|CLK  
Path End      : top_uart_rx/r_Bit_Index[1]~FF|CE     
Launch Clock  : Clock (RISE)                         
Capture Clock : Clock (RISE)                         
Slack         : 93.130 (required time - arrival time)
Delay         : 6.293                                

Logic Level             : 3
Non-global nets on path : 4
Global nets on path     : 0

Launch Clock Path Delay        :  5.310
+ Clock To Q + Data Path Delay :  6.750
---------------------------------------
End-of-path arrival time       : 12.060

Constraint                     : 100.000
+ Capture Clock Path Delay     :   5.310
- Clock Uncertainty            :   0.120
----------------------------------------
End-of-path required time      : 105.190

Launch Clock Path
               name                  model name   delay (ns)  cumulative delay (ns) pins on net    location
=============================================================================================================
Clock                                  inpad        0.000             0.000               0       (338,323)
Clock                                  inpad        0.200             0.200               2       (338,323)
Clock                                  net          0.320             0.520               2       (338,323)
   Routing elements:
      Manhattan distance of X:1, Y:0
CLKBUF__0|I                            gbuf         4.790             5.310               2       (337,323)
CLKBUF__0|O                            gbuf         0.000             5.310              50       (337,323)
Clock~O                                net          0.000             5.310              50       (337,323)
top_uart_rx/r_Clock_Count[2]~FF|CLK    ff           0.000             5.310              50       (18,34)  

Data Path
              name                 model name   delay (ns)  cumulative delay (ns) pins on net    location
===========================================================================================================
top_uart_rx/r_Clock_Count[2]~FF|Q     ff          0.282             0.282              6         (18,34)
top_uart_rx/r_Clock_Count[2]          net         1.716             1.998              6         (18,34)
   Routing elements:
      Manhattan distance of X:0, Y:3
LUT__170|in[0]                        lut         0.000             1.998              6         (18,37)
LUT__170|out                          lut         0.000             1.998              4         (18,37)
n119                                  net         1.707             3.705              4         (18,37)
   Routing elements:
      Manhattan distance of X:5, Y:1
LUT__175|in[0]                        lut         0.000             3.705              4         (13,38)
LUT__175|out                          lut         0.000             3.705              9         (13,38)
n121                                  net         0.803             4.508              9         (13,38)
   Routing elements:
      Manhattan distance of X:0, Y:7
LUT__188|in[1]                        lut         0.000             4.508              9         (13,45)
LUT__188|out                          lut         0.000             4.508              4         (13,45)
ceg_net85                             net         2.067             6.575              4         (13,45)
   Routing elements:
      Manhattan distance of X:3, Y:3
top_uart_rx/r_Bit_Index[1]~FF|CE      ff          0.175             6.750              4         (16,48)

Capture Clock Path
              name                 model name   delay (ns)  cumulative delay (ns) pins on net    location
===========================================================================================================
Clock                                inpad        0.000             0.000               0       (338,323)
Clock                                inpad        0.200             0.200               2       (338,323)
Clock                                net          0.320             0.520               2       (338,323)
   Routing elements:
      Manhattan distance of X:1, Y:0
CLKBUF__0|I                          gbuf         4.790             5.310               2       (337,323)
CLKBUF__0|O                          gbuf         0.000             5.310              50       (337,323)
Clock~O                              net          0.000             5.310              50       (337,323)
top_uart_rx/r_Bit_Index[1]~FF|CLK    ff           0.000             5.310              50       (16,48)  

++++ Path 3 ++++++++++++++++++++++++++++++++++++++++++++++++++++++++++++++++++++

Path Begin    : top_uart_rx/r_Clock_Count[3]~FF|CLK  
Path End      : top_uart_rx/r_Bit_Index[2]~FF|CE     
Launch Clock  : Clock (RISE)                         
Capture Clock : Clock (RISE)                         
Slack         : 93.396 (required time - arrival time)
Delay         : 6.027                                

Logic Level             : 3
Non-global nets on path : 4
Global nets on path     : 0

Launch Clock Path Delay        :  5.310
+ Clock To Q + Data Path Delay :  6.484
---------------------------------------
End-of-path arrival time       : 11.794

Constraint                     : 100.000
+ Capture Clock Path Delay     :   5.310
- Clock Uncertainty            :   0.120
----------------------------------------
End-of-path required time      : 105.190

Launch Clock Path
               name                  model name   delay (ns)  cumulative delay (ns) pins on net    location
=============================================================================================================
Clock                                  inpad        0.000             0.000               0       (338,323)
Clock                                  inpad        0.200             0.200               2       (338,323)
Clock                                  net          0.320             0.520               2       (338,323)
   Routing elements:
      Manhattan distance of X:1, Y:0
CLKBUF__0|I                            gbuf         4.790             5.310               2       (337,323)
CLKBUF__0|O                            gbuf         0.000             5.310              50       (337,323)
Clock~O                                net          0.000             5.310              50       (337,323)
top_uart_rx/r_Clock_Count[3]~FF|CLK    ff           0.000             5.310              50       (20,34)  

Data Path
              name                 model name   delay (ns)  cumulative delay (ns) pins on net    location
===========================================================================================================
top_uart_rx/r_Clock_Count[3]~FF|Q     ff          0.282             0.282              5         (20,34)
top_uart_rx/r_Clock_Count[3]          net         1.441             1.723              5         (20,34)
   Routing elements:
      Manhattan distance of X:2, Y:3
LUT__170|in[1]                        lut         0.000             1.723              5         (18,37)
LUT__170|out                          lut         0.000             1.723              4         (18,37)
n119                                  net         1.707             3.430              4         (18,37)
   Routing elements:
      Manhattan distance of X:5, Y:1
LUT__175|in[0]                        lut         0.000             3.430              4         (13,38)
LUT__175|out                          lut         0.000             3.430              9         (13,38)
n121                                  net         0.803             4.233              9         (13,38)
   Routing elements:
      Manhattan distance of X:0, Y:7
LUT__188|in[1]                        lut         0.000             4.233              9         (13,45)
LUT__188|out                          lut         0.000             4.233              4         (13,45)
ceg_net85                             net         2.076             6.309              4         (13,45)
   Routing elements:
      Manhattan distance of X:3, Y:4
top_uart_rx/r_Bit_Index[2]~FF|CE      ff          0.175             6.484              4         (16,49)

Capture Clock Path
              name                 model name   delay (ns)  cumulative delay (ns) pins on net    location
===========================================================================================================
Clock                                inpad        0.000             0.000               0       (338,323)
Clock                                inpad        0.200             0.200               2       (338,323)
Clock                                net          0.320             0.520               2       (338,323)
   Routing elements:
      Manhattan distance of X:1, Y:0
CLKBUF__0|I                          gbuf         4.790             5.310               2       (337,323)
CLKBUF__0|O                          gbuf         0.000             5.310              50       (337,323)
Clock~O                              net          0.000             5.310              50       (337,323)
top_uart_rx/r_Bit_Index[2]~FF|CLK    ff           0.000             5.310              50       (16,49)  

++++ Path 4 ++++++++++++++++++++++++++++++++++++++++++++++++++++++++++++++++++++

Path Begin    : top_uart_rx/r_Clock_Count[2]~FF|CLK  
Path End      : top_uart_rx/r_Bit_Index[0]~FF|CE     
Launch Clock  : Clock (RISE)                         
Capture Clock : Clock (RISE)                         
Slack         : 93.404 (required time - arrival time)
Delay         : 6.019                                

Logic Level             : 3
Non-global nets on path : 4
Global nets on path     : 0

Launch Clock Path Delay        :  5.310
+ Clock To Q + Data Path Delay :  6.476
---------------------------------------
End-of-path arrival time       : 11.786

Constraint                     : 100.000
+ Capture Clock Path Delay     :   5.310
- Clock Uncertainty            :   0.120
----------------------------------------
End-of-path required time      : 105.190

Launch Clock Path
               name                  model name   delay (ns)  cumulative delay (ns) pins on net    location
=============================================================================================================
Clock                                  inpad        0.000             0.000               0       (338,323)
Clock                                  inpad        0.200             0.200               2       (338,323)
Clock                                  net          0.320             0.520               2       (338,323)
   Routing elements:
      Manhattan distance of X:1, Y:0
CLKBUF__0|I                            gbuf         4.790             5.310               2       (337,323)
CLKBUF__0|O                            gbuf         0.000             5.310              50       (337,323)
Clock~O                                net          0.000             5.310              50       (337,323)
top_uart_rx/r_Clock_Count[2]~FF|CLK    ff           0.000             5.310              50       (18,34)  

Data Path
              name                 model name   delay (ns)  cumulative delay (ns) pins on net    location
===========================================================================================================
top_uart_rx/r_Clock_Count[2]~FF|Q     ff          0.282             0.282              6         (18,34)
top_uart_rx/r_Clock_Count[2]          net         1.716             1.998              6         (18,34)
   Routing elements:
      Manhattan distance of X:0, Y:3
LUT__170|in[0]                        lut         0.000             1.998              6         (18,37)
LUT__170|out                          lut         0.000             1.998              4         (18,37)
n119                                  net         1.707             3.705              4         (18,37)
   Routing elements:
      Manhattan distance of X:5, Y:1
LUT__175|in[0]                        lut         0.000             3.705              4         (13,38)
LUT__175|out                          lut         0.000             3.705              9         (13,38)
n121                                  net         0.803             4.508              9         (13,38)
   Routing elements:
      Manhattan distance of X:0, Y:7
LUT__188|in[1]                        lut         0.000             4.508              9         (13,45)
LUT__188|out                          lut         0.000             4.508              4         (13,45)
ceg_net85                             net         1.793             6.301              4         (13,45)
   Routing elements:
      Manhattan distance of X:3, Y:2
top_uart_rx/r_Bit_Index[0]~FF|CE      ff          0.175             6.476              4         (16,47)

Capture Clock Path
              name                 model name   delay (ns)  cumulative delay (ns) pins on net    location
===========================================================================================================
Clock                                inpad        0.000             0.000               0       (338,323)
Clock                                inpad        0.200             0.200               2       (338,323)
Clock                                net          0.320             0.520               2       (338,323)
   Routing elements:
      Manhattan distance of X:1, Y:0
CLKBUF__0|I                          gbuf         4.790             5.310               2       (337,323)
CLKBUF__0|O                          gbuf         0.000             5.310              50       (337,323)
Clock~O                              net          0.000             5.310              50       (337,323)
top_uart_rx/r_Bit_Index[0]~FF|CLK    ff           0.000             5.310              50       (16,47)  

++++ Path 5 ++++++++++++++++++++++++++++++++++++++++++++++++++++++++++++++++++++

Path Begin    : top_uart_rx/r_Clock_Count[3]~FF|CLK  
Path End      : top_uart_rx/r_Bit_Index[1]~FF|CE     
Launch Clock  : Clock (RISE)                         
Capture Clock : Clock (RISE)                         
Slack         : 93.405 (required time - arrival time)
Delay         : 6.018                                

Logic Level             : 3
Non-global nets on path : 4
Global nets on path     : 0

Launch Clock Path Delay        :  5.310
+ Clock To Q + Data Path Delay :  6.475
---------------------------------------
End-of-path arrival time       : 11.785

Constraint                     : 100.000
+ Capture Clock Path Delay     :   5.310
- Clock Uncertainty            :   0.120
----------------------------------------
End-of-path required time      : 105.190

Launch Clock Path
               name                  model name   delay (ns)  cumulative delay (ns) pins on net    location
=============================================================================================================
Clock                                  inpad        0.000             0.000               0       (338,323)
Clock                                  inpad        0.200             0.200               2       (338,323)
Clock                                  net          0.320             0.520               2       (338,323)
   Routing elements:
      Manhattan distance of X:1, Y:0
CLKBUF__0|I                            gbuf         4.790             5.310               2       (337,323)
CLKBUF__0|O                            gbuf         0.000             5.310              50       (337,323)
Clock~O                                net          0.000             5.310              50       (337,323)
top_uart_rx/r_Clock_Count[3]~FF|CLK    ff           0.000             5.310              50       (20,34)  

Data Path
              name                 model name   delay (ns)  cumulative delay (ns) pins on net    location
===========================================================================================================
top_uart_rx/r_Clock_Count[3]~FF|Q     ff          0.282             0.282              5         (20,34)
top_uart_rx/r_Clock_Count[3]          net         1.441             1.723              5         (20,34)
   Routing elements:
      Manhattan distance of X:2, Y:3
LUT__170|in[1]                        lut         0.000             1.723              5         (18,37)
LUT__170|out                          lut         0.000             1.723              4         (18,37)
n119                                  net         1.707             3.430              4         (18,37)
   Routing elements:
      Manhattan distance of X:5, Y:1
LUT__175|in[0]                        lut         0.000             3.430              4         (13,38)
LUT__175|out                          lut         0.000             3.430              9         (13,38)
n121                                  net         0.803             4.233              9         (13,38)
   Routing elements:
      Manhattan distance of X:0, Y:7
LUT__188|in[1]                        lut         0.000             4.233              9         (13,45)
LUT__188|out                          lut         0.000             4.233              4         (13,45)
ceg_net85                             net         2.067             6.300              4         (13,45)
   Routing elements:
      Manhattan distance of X:3, Y:3
top_uart_rx/r_Bit_Index[1]~FF|CE      ff          0.175             6.475              4         (16,48)

Capture Clock Path
              name                 model name   delay (ns)  cumulative delay (ns) pins on net    location
===========================================================================================================
Clock                                inpad        0.000             0.000               0       (338,323)
Clock                                inpad        0.200             0.200               2       (338,323)
Clock                                net          0.320             0.520               2       (338,323)
   Routing elements:
      Manhattan distance of X:1, Y:0
CLKBUF__0|I                          gbuf         4.790             5.310               2       (337,323)
CLKBUF__0|O                          gbuf         0.000             5.310              50       (337,323)
Clock~O                              net          0.000             5.310              50       (337,323)
top_uart_rx/r_Bit_Index[1]~FF|CLK    ff           0.000             5.310              50       (16,48)  

++++ Path 6 ++++++++++++++++++++++++++++++++++++++++++++++++++++++++++++++++++++

Path Begin    : top_uart_rx/r_Clock_Count[0]~FF|CLK  
Path End      : top_uart_rx/r_Clock_Count[5]~FF|CE   
Launch Clock  : Clock (RISE)                         
Capture Clock : Clock (RISE)                         
Slack         : 93.457 (required time - arrival time)
Delay         : 5.966                                

Logic Level             : 2
Non-global nets on path : 3
Global nets on path     : 0

Launch Clock Path Delay        :  5.310
+ Clock To Q + Data Path Delay :  6.423
---------------------------------------
End-of-path arrival time       : 11.733

Constraint                     : 100.000
+ Capture Clock Path Delay     :   5.310
- Clock Uncertainty            :   0.120
----------------------------------------
End-of-path required time      : 105.190

Launch Clock Path
               name                  model name   delay (ns)  cumulative delay (ns) pins on net    location
=============================================================================================================
Clock                                  inpad        0.000             0.000               0       (338,323)
Clock                                  inpad        0.200             0.200               2       (338,323)
Clock                                  net          0.320             0.520               2       (338,323)
   Routing elements:
      Manhattan distance of X:1, Y:0
CLKBUF__0|I                            gbuf         4.790             5.310               2       (337,323)
CLKBUF__0|O                            gbuf         0.000             5.310              50       (337,323)
Clock~O                                net          0.000             5.310              50       (337,323)
top_uart_rx/r_Clock_Count[0]~FF|CLK    ff           0.000             5.310              50       (20,36)  

Data Path
               name                 model name   delay (ns)  cumulative delay (ns) pins on net    location
============================================================================================================
top_uart_rx/r_Clock_Count[0]~FF|Q      ff          0.282             0.282              6         (20,36)
top_uart_rx/r_Clock_Count[0]           net         1.626             1.908              6         (20,36)
   Routing elements:
      Manhattan distance of X:1, Y:1
LUT__177|in[1]                         lut         0.000             1.908              6         (19,37)
LUT__177|out                           lut         0.000             1.908              4         (19,37)
n123                                   net         1.663             3.571              4         (19,37)
   Routing elements:
      Manhattan distance of X:5, Y:4
LUT__181|in[0]                         lut         0.000             3.571              4         (14,41)
LUT__181|out                           lut         0.000             3.571              9         (14,41)
ceg_net48                              net         2.677             6.248              9         (14,41)
   Routing elements:
      Manhattan distance of X:2, Y:3
top_uart_rx/r_Clock_Count[5]~FF|CE     ff          0.175             6.423              9         (16,38)

Capture Clock Path
               name                  model name   delay (ns)  cumulative delay (ns) pins on net    location
=============================================================================================================
Clock                                  inpad        0.000             0.000               0       (338,323)
Clock                                  inpad        0.200             0.200               2       (338,323)
Clock                                  net          0.320             0.520               2       (338,323)
   Routing elements:
      Manhattan distance of X:1, Y:0
CLKBUF__0|I                            gbuf         4.790             5.310               2       (337,323)
CLKBUF__0|O                            gbuf         0.000             5.310              50       (337,323)
Clock~O                                net          0.000             5.310              50       (337,323)
top_uart_rx/r_Clock_Count[5]~FF|CLK    ff           0.000             5.310              50       (16,38)  

++++ Path 7 ++++++++++++++++++++++++++++++++++++++++++++++++++++++++++++++++++++

Path Begin    : top_uart_rx/r_Clock_Count[0]~FF|CLK  
Path End      : top_uart_rx/r_Clock_Count[4]~FF|CE   
Launch Clock  : Clock (RISE)                         
Capture Clock : Clock (RISE)                         
Slack         : 93.457 (required time - arrival time)
Delay         : 5.966                                

Logic Level             : 2
Non-global nets on path : 3
Global nets on path     : 0

Launch Clock Path Delay        :  5.310
+ Clock To Q + Data Path Delay :  6.423
---------------------------------------
End-of-path arrival time       : 11.733

Constraint                     : 100.000
+ Capture Clock Path Delay     :   5.310
- Clock Uncertainty            :   0.120
----------------------------------------
End-of-path required time      : 105.190

Launch Clock Path
               name                  model name   delay (ns)  cumulative delay (ns) pins on net    location
=============================================================================================================
Clock                                  inpad        0.000             0.000               0       (338,323)
Clock                                  inpad        0.200             0.200               2       (338,323)
Clock                                  net          0.320             0.520               2       (338,323)
   Routing elements:
      Manhattan distance of X:1, Y:0
CLKBUF__0|I                            gbuf         4.790             5.310               2       (337,323)
CLKBUF__0|O                            gbuf         0.000             5.310              50       (337,323)
Clock~O                                net          0.000             5.310              50       (337,323)
top_uart_rx/r_Clock_Count[0]~FF|CLK    ff           0.000             5.310              50       (20,36)  

Data Path
               name                 model name   delay (ns)  cumulative delay (ns) pins on net    location
============================================================================================================
top_uart_rx/r_Clock_Count[0]~FF|Q      ff          0.282             0.282              6         (20,36)
top_uart_rx/r_Clock_Count[0]           net         1.626             1.908              6         (20,36)
   Routing elements:
      Manhattan distance of X:1, Y:1
LUT__177|in[1]                         lut         0.000             1.908              6         (19,37)
LUT__177|out                           lut         0.000             1.908              4         (19,37)
n123                                   net         1.663             3.571              4         (19,37)
   Routing elements:
      Manhattan distance of X:5, Y:4
LUT__181|in[0]                         lut         0.000             3.571              4         (14,41)
LUT__181|out                           lut         0.000             3.571              9         (14,41)
ceg_net48                              net         2.677             6.248              9         (14,41)
   Routing elements:
      Manhattan distance of X:2, Y:6
top_uart_rx/r_Clock_Count[4]~FF|CE     ff          0.175             6.423              9         (16,35)

Capture Clock Path
               name                  model name   delay (ns)  cumulative delay (ns) pins on net    location
=============================================================================================================
Clock                                  inpad        0.000             0.000               0       (338,323)
Clock                                  inpad        0.200             0.200               2       (338,323)
Clock                                  net          0.320             0.520               2       (338,323)
   Routing elements:
      Manhattan distance of X:1, Y:0
CLKBUF__0|I                            gbuf         4.790             5.310               2       (337,323)
CLKBUF__0|O                            gbuf         0.000             5.310              50       (337,323)
Clock~O                                net          0.000             5.310              50       (337,323)
top_uart_rx/r_Clock_Count[4]~FF|CLK    ff           0.000             5.310              50       (16,35)  

++++ Path 8 ++++++++++++++++++++++++++++++++++++++++++++++++++++++++++++++++++++

Path Begin    : top_uart_rx/r_Clock_Count[2]~FF|CLK  
Path End      : Rx_Byte[6]~FF|CE                     
Launch Clock  : Clock (RISE)                         
Capture Clock : Clock (RISE)                         
Slack         : 93.590 (required time - arrival time)
Delay         : 5.833                                

Logic Level             : 3
Non-global nets on path : 4
Global nets on path     : 0

Launch Clock Path Delay        :  5.310
+ Clock To Q + Data Path Delay :  6.290
---------------------------------------
End-of-path arrival time       : 11.600

Constraint                     : 100.000
+ Capture Clock Path Delay     :   5.310
- Clock Uncertainty            :   0.120
----------------------------------------
End-of-path required time      : 105.190

Launch Clock Path
               name                  model name   delay (ns)  cumulative delay (ns) pins on net    location
=============================================================================================================
Clock                                  inpad        0.000             0.000               0       (338,323)
Clock                                  inpad        0.200             0.200               2       (338,323)
Clock                                  net          0.320             0.520               2       (338,323)
   Routing elements:
      Manhattan distance of X:1, Y:0
CLKBUF__0|I                            gbuf         4.790             5.310               2       (337,323)
CLKBUF__0|O                            gbuf         0.000             5.310              50       (337,323)
Clock~O                                net          0.000             5.310              50       (337,323)
top_uart_rx/r_Clock_Count[2]~FF|CLK    ff           0.000             5.310              50       (18,34)  

Data Path
              name                 model name   delay (ns)  cumulative delay (ns) pins on net    location
===========================================================================================================
top_uart_rx/r_Clock_Count[2]~FF|Q     ff          0.282             0.282              6         (18,34)
top_uart_rx/r_Clock_Count[2]          net         1.716             1.998              6         (18,34)
   Routing elements:
      Manhattan distance of X:0, Y:3
LUT__170|in[0]                        lut         0.000             1.998              6         (18,37)
LUT__170|out                          lut         0.000             1.998              4         (18,37)
n119                                  net         1.127             3.125              4         (18,37)
   Routing elements:
      Manhattan distance of X:6, Y:6
LUT__185|in[1]                        lut         0.000             3.125              4         (12,43)
LUT__185|out                          lut         0.000             3.125              9         (12,43)
n128                                  net         1.600             4.725              9         (12,43)
   Routing elements:
      Manhattan distance of X:7, Y:7
LUT__212|in[1]                        lut         0.000             4.725              9         (19,50)
LUT__212|out                          lut         0.000             4.725              2         (19,50)
top_uart_rx/n444                      net         1.390             6.115              2         (19,50)
   Routing elements:
      Manhattan distance of X:3, Y:2
Rx_Byte[6]~FF|CE                      ff          0.175             6.290              2         (22,52)

Capture Clock Path
      name         model name   delay (ns)  cumulative delay (ns) pins on net    location
===========================================================================================
Clock                inpad        0.000             0.000               0       (338,323)
Clock                inpad        0.200             0.200               2       (338,323)
Clock                net          0.320             0.520               2       (338,323)
   Routing elements:
      Manhattan distance of X:1, Y:0
CLKBUF__0|I          gbuf         4.790             5.310               2       (337,323)
CLKBUF__0|O          gbuf         0.000             5.310              50       (337,323)
Clock~O              net          0.000             5.310              50       (337,323)
Rx_Byte[6]~FF|CLK    ff           0.000             5.310              50       (22,52)  

++++ Path 9 ++++++++++++++++++++++++++++++++++++++++++++++++++++++++++++++++++++

Path Begin    : top_uart_rx/r_Clock_Count[3]~FF|CLK  
Path End      : top_uart_rx/r_Bit_Index[0]~FF|CE     
Launch Clock  : Clock (RISE)                         
Capture Clock : Clock (RISE)                         
Slack         : 93.679 (required time - arrival time)
Delay         : 5.744                                

Logic Level             : 3
Non-global nets on path : 4
Global nets on path     : 0

Launch Clock Path Delay        :  5.310
+ Clock To Q + Data Path Delay :  6.201
---------------------------------------
End-of-path arrival time       : 11.511

Constraint                     : 100.000
+ Capture Clock Path Delay     :   5.310
- Clock Uncertainty            :   0.120
----------------------------------------
End-of-path required time      : 105.190

Launch Clock Path
               name                  model name   delay (ns)  cumulative delay (ns) pins on net    location
=============================================================================================================
Clock                                  inpad        0.000             0.000               0       (338,323)
Clock                                  inpad        0.200             0.200               2       (338,323)
Clock                                  net          0.320             0.520               2       (338,323)
   Routing elements:
      Manhattan distance of X:1, Y:0
CLKBUF__0|I                            gbuf         4.790             5.310               2       (337,323)
CLKBUF__0|O                            gbuf         0.000             5.310              50       (337,323)
Clock~O                                net          0.000             5.310              50       (337,323)
top_uart_rx/r_Clock_Count[3]~FF|CLK    ff           0.000             5.310              50       (20,34)  

Data Path
              name                 model name   delay (ns)  cumulative delay (ns) pins on net    location
===========================================================================================================
top_uart_rx/r_Clock_Count[3]~FF|Q     ff          0.282             0.282              5         (20,34)
top_uart_rx/r_Clock_Count[3]          net         1.441             1.723              5         (20,34)
   Routing elements:
      Manhattan distance of X:2, Y:3
LUT__170|in[1]                        lut         0.000             1.723              5         (18,37)
LUT__170|out                          lut         0.000             1.723              4         (18,37)
n119                                  net         1.707             3.430              4         (18,37)
   Routing elements:
      Manhattan distance of X:5, Y:1
LUT__175|in[0]                        lut         0.000             3.430              4         (13,38)
LUT__175|out                          lut         0.000             3.430              9         (13,38)
n121                                  net         0.803             4.233              9         (13,38)
   Routing elements:
      Manhattan distance of X:0, Y:7
LUT__188|in[1]                        lut         0.000             4.233              9         (13,45)
LUT__188|out                          lut         0.000             4.233              4         (13,45)
ceg_net85                             net         1.793             6.026              4         (13,45)
   Routing elements:
      Manhattan distance of X:3, Y:2
top_uart_rx/r_Bit_Index[0]~FF|CE      ff          0.175             6.201              4         (16,47)

Capture Clock Path
              name                 model name   delay (ns)  cumulative delay (ns) pins on net    location
===========================================================================================================
Clock                                inpad        0.000             0.000               0       (338,323)
Clock                                inpad        0.200             0.200               2       (338,323)
Clock                                net          0.320             0.520               2       (338,323)
   Routing elements:
      Manhattan distance of X:1, Y:0
CLKBUF__0|I                          gbuf         4.790             5.310               2       (337,323)
CLKBUF__0|O                          gbuf         0.000             5.310              50       (337,323)
Clock~O                              net          0.000             5.310              50       (337,323)
top_uart_rx/r_Bit_Index[0]~FF|CLK    ff           0.000             5.310              50       (16,47)  

++++ Path 10 +++++++++++++++++++++++++++++++++++++++++++++++++++++++++++++++++++

Path Begin    : top_uart_rx/r_Clock_Count[2]~FF|CLK  
Path End      : Rx_Byte[3]~FF|CE                     
Launch Clock  : Clock (RISE)                         
Capture Clock : Clock (RISE)                         
Slack         : 93.710 (required time - arrival time)
Delay         : 5.713                                

Logic Level             : 3
Non-global nets on path : 4
Global nets on path     : 0

Launch Clock Path Delay        :  5.310
+ Clock To Q + Data Path Delay :  6.170
---------------------------------------
End-of-path arrival time       : 11.480

Constraint                     : 100.000
+ Capture Clock Path Delay     :   5.310
- Clock Uncertainty            :   0.120
----------------------------------------
End-of-path required time      : 105.190

Launch Clock Path
               name                  model name   delay (ns)  cumulative delay (ns) pins on net    location
=============================================================================================================
Clock                                  inpad        0.000             0.000               0       (338,323)
Clock                                  inpad        0.200             0.200               2       (338,323)
Clock                                  net          0.320             0.520               2       (338,323)
   Routing elements:
      Manhattan distance of X:1, Y:0
CLKBUF__0|I                            gbuf         4.790             5.310               2       (337,323)
CLKBUF__0|O                            gbuf         0.000             5.310              50       (337,323)
Clock~O                                net          0.000             5.310              50       (337,323)
top_uart_rx/r_Clock_Count[2]~FF|CLK    ff           0.000             5.310              50       (18,34)  

Data Path
              name                 model name   delay (ns)  cumulative delay (ns) pins on net    location
===========================================================================================================
top_uart_rx/r_Clock_Count[2]~FF|Q     ff          0.282             0.282              6         (18,34)
top_uart_rx/r_Clock_Count[2]          net         1.716             1.998              6         (18,34)
   Routing elements:
      Manhattan distance of X:0, Y:3
LUT__170|in[0]                        lut         0.000             1.998              6         (18,37)
LUT__170|out                          lut         0.000             1.998              4         (18,37)
n119                                  net         1.127             3.125              4         (18,37)
   Routing elements:
      Manhattan distance of X:6, Y:6
LUT__185|in[1]                        lut         0.000             3.125              4         (12,43)
LUT__185|out                          lut         0.000             3.125              9         (12,43)
n128                                  net         1.629             4.754              9         (12,43)
   Routing elements:
      Manhattan distance of X:7, Y:8
LUT__209|in[0]                        lut         0.000             4.754              9         (19,51)
LUT__209|out                          lut         0.000             4.754              2         (19,51)
top_uart_rx/n438                      net         1.241             5.995              2         (19,51)
   Routing elements:
      Manhattan distance of X:3, Y:0
Rx_Byte[3]~FF|CE                      ff          0.175             6.170              2         (22,51)

Capture Clock Path
      name         model name   delay (ns)  cumulative delay (ns) pins on net    location
===========================================================================================
Clock                inpad        0.000             0.000               0       (338,323)
Clock                inpad        0.200             0.200               2       (338,323)
Clock                net          0.320             0.520               2       (338,323)
   Routing elements:
      Manhattan distance of X:1, Y:0
CLKBUF__0|I          gbuf         4.790             5.310               2       (337,323)
CLKBUF__0|O          gbuf         0.000             5.310              50       (337,323)
Clock~O              net          0.000             5.310              50       (337,323)
Rx_Byte[3]~FF|CLK    ff           0.000             5.310              50       (22,51)  

---------- Path Details for Max Critical Paths (end) ---------------

---------- 4. Path Details for Min Critical Paths (begin) ----------

################################################################################
Path Detail Report (Clock vs Clock)
################################################################################


++++ Path 1 ++++++++++++++++++++++++++++++++++++++++++++++++++++++++++++++++++++

Path Begin    : top_uart_tx/r_Bit_Index[0]~FF|CLK   
Path End      : top_uart_tx/r_Bit_Index[2]~FF|D     
Launch Clock  : Clock (RISE)                        
Capture Clock : Clock (RISE)                        
Slack         : 0.307 (arrival time - required time)
Delay         : 0.226                               

Logic Level             : 1
Non-global nets on path : 1
Global nets on path     : 0

Launch Clock Path Delay        : 2.655
+ Clock To Q + Data Path Delay : 0.367
--------------------------------------
End-of-path arrival time       : 3.022

Constraint                     : 0.000
+ Capture Clock Path Delay     : 2.655
+ Clock Uncertainty            : 0.060
--------------------------------------
End-of-path required time      : 2.715

Launch Clock Path
              name                 model name   delay (ns)  cumulative delay (ns) pins on net    location
===========================================================================================================
Clock                                inpad        0.000             0.000               0       (338,323)
Clock                                inpad        0.100             0.100               2       (338,323)
Clock                                net          0.160             0.260               2       (338,323)
   Routing elements:
      Manhattan distance of X:1, Y:0
CLKBUF__0|I                          gbuf         2.395             2.655               2       (337,323)
CLKBUF__0|O                          gbuf         0.000             2.655              50       (337,323)
Clock~O                              net          0.000             2.655              50       (337,323)
top_uart_tx/r_Bit_Index[0]~FF|CLK    ff           0.000             2.655              50       (18,62)  

Data Path
             name                model name   delay (ns)  cumulative delay (ns) pins on net    location
=========================================================================================================
top_uart_tx/r_Bit_Index[0]~FF|Q     ff          0.141             0.141              7         (18,62)
top_uart_tx/r_Bit_Index[0]          net         0.226             0.367              7         (18,62)
   Routing elements:
      Manhattan distance of X:0, Y:1
LUT__249|in[3]                      lut         0.000             0.367              7         (18,61)
LUT__249|out                        lut         0.000             0.367              2         (18,61)
top_uart_tx/r_Bit_Index[2]~FF|D     ff          0.000             0.367              2         (18,61)

Capture Clock Path
              name                 model name   delay (ns)  cumulative delay (ns) pins on net    location
===========================================================================================================
Clock                                inpad        0.000             0.000               0       (338,323)
Clock                                inpad        0.100             0.100               2       (338,323)
Clock                                net          0.160             0.260               2       (338,323)
   Routing elements:
      Manhattan distance of X:1, Y:0
CLKBUF__0|I                          gbuf         2.395             2.655               2       (337,323)
CLKBUF__0|O                          gbuf         0.000             2.655              50       (337,323)
Clock~O                              net          0.000             2.655              50       (337,323)
top_uart_tx/r_Bit_Index[2]~FF|CLK    ff           0.000             2.655              50       (18,61)  

++++ Path 2 ++++++++++++++++++++++++++++++++++++++++++++++++++++++++++++++++++++

Path Begin    : top_uart_tx/r_Clock_Count[5]~FF|CLK 
Path End      : top_uart_tx/r_Clock_Count[5]~FF|D   
Launch Clock  : Clock (RISE)                        
Capture Clock : Clock (RISE)                        
Slack         : 0.307 (arrival time - required time)
Delay         : 0.226                               

Logic Level             : 1
Non-global nets on path : 1
Global nets on path     : 0

Launch Clock Path Delay        : 2.655
+ Clock To Q + Data Path Delay : 0.367
--------------------------------------
End-of-path arrival time       : 3.022

Constraint                     : 0.000
+ Capture Clock Path Delay     : 2.655
+ Clock Uncertainty            : 0.060
--------------------------------------
End-of-path required time      : 2.715

Launch Clock Path
               name                  model name   delay (ns)  cumulative delay (ns) pins on net    location
=============================================================================================================
Clock                                  inpad        0.000             0.000               0       (338,323)
Clock                                  inpad        0.100             0.100               2       (338,323)
Clock                                  net          0.160             0.260               2       (338,323)
   Routing elements:
      Manhattan distance of X:1, Y:0
CLKBUF__0|I                            gbuf         2.395             2.655               2       (337,323)
CLKBUF__0|O                            gbuf         0.000             2.655              50       (337,323)
Clock~O                                net          0.000             2.655              50       (337,323)
top_uart_tx/r_Clock_Count[5]~FF|CLK    ff           0.000             2.655              50       (8,68)   

Data Path
              name                 model name   delay (ns)  cumulative delay (ns) pins on net    location
===========================================================================================================
top_uart_tx/r_Clock_Count[5]~FF|Q     ff          0.141             0.141              5          (8,68)
top_uart_tx/r_Clock_Count[5]          net         0.226             0.367              5          (8,68)
LUT__246|in[3]                        lut         0.000             0.367              5          (8,68)
LUT__246|out                          lut         0.000             0.367              2          (8,68)
top_uart_tx/r_Clock_Count[5]~FF|D     ff          0.000             0.367              2          (8,68)

Capture Clock Path
               name                  model name   delay (ns)  cumulative delay (ns) pins on net    location
=============================================================================================================
Clock                                  inpad        0.000             0.000               0       (338,323)
Clock                                  inpad        0.100             0.100               2       (338,323)
Clock                                  net          0.160             0.260               2       (338,323)
   Routing elements:
      Manhattan distance of X:1, Y:0
CLKBUF__0|I                            gbuf         2.395             2.655               2       (337,323)
CLKBUF__0|O                            gbuf         0.000             2.655              50       (337,323)
Clock~O                                net          0.000             2.655              50       (337,323)
top_uart_tx/r_Clock_Count[5]~FF|CLK    ff           0.000             2.655              50       (8,68)   

++++ Path 3 ++++++++++++++++++++++++++++++++++++++++++++++++++++++++++++++++++++

Path Begin    : top_uart_tx/r_SM_Main[0]~FF|CLK     
Path End      : Tx_Serial~FF|D                      
Launch Clock  : Clock (RISE)                        
Capture Clock : Clock (RISE)                        
Slack         : 0.307 (arrival time - required time)
Delay         : 0.226                               

Logic Level             : 1
Non-global nets on path : 1
Global nets on path     : 0

Launch Clock Path Delay        : 2.655
+ Clock To Q + Data Path Delay : 0.367
--------------------------------------
End-of-path arrival time       : 3.022

Constraint                     : 0.000
+ Capture Clock Path Delay     : 2.655
+ Clock Uncertainty            : 0.060
--------------------------------------
End-of-path required time      : 2.715

Launch Clock Path
             name                model name   delay (ns)  cumulative delay (ns) pins on net    location
=========================================================================================================
Clock                              inpad        0.000             0.000               0       (338,323)
Clock                              inpad        0.100             0.100               2       (338,323)
Clock                              net          0.160             0.260               2       (338,323)
   Routing elements:
      Manhattan distance of X:1, Y:0
CLKBUF__0|I                        gbuf         2.395             2.655               2       (337,323)
CLKBUF__0|O                        gbuf         0.000             2.655              50       (337,323)
Clock~O                            net          0.000             2.655              50       (337,323)
top_uart_tx/r_SM_Main[0]~FF|CLK    ff           0.000             2.655              50       (12,61)  

Data Path
            name               model name   delay (ns)  cumulative delay (ns) pins on net    location
=======================================================================================================
top_uart_tx/r_SM_Main[0]~FF|Q     ff          0.141             0.141              10        (12,61)
top_uart_tx/r_SM_Main[0]          net         0.226             0.367              10        (12,61)
   Routing elements:
      Manhattan distance of X:0, Y:1
LUT__230|in[3]                    lut         0.000             0.367              10        (12,60)
LUT__230|out                      lut         0.000             0.367               2        (12,60)
Tx_Serial~FF|D                    ff          0.000             0.367               2        (12,60)

Capture Clock Path
      name        model name   delay (ns)  cumulative delay (ns) pins on net    location
==========================================================================================
Clock               inpad        0.000             0.000               0       (338,323)
Clock               inpad        0.100             0.100               2       (338,323)
Clock               net          0.160             0.260               2       (338,323)
   Routing elements:
      Manhattan distance of X:1, Y:0
CLKBUF__0|I         gbuf         2.395             2.655               2       (337,323)
CLKBUF__0|O         gbuf         0.000             2.655              50       (337,323)
Clock~O             net          0.000             2.655              50       (337,323)
Tx_Serial~FF|CLK    ff           0.000             2.655              50       (12,60)  

++++ Path 4 ++++++++++++++++++++++++++++++++++++++++++++++++++++++++++++++++++++

Path Begin    : top_uart_tx/r_SM_Main[1]~FF|CLK     
Path End      : top_uart_tx/r_SM_Main[1]~FF|D       
Launch Clock  : Clock (RISE)                        
Capture Clock : Clock (RISE)                        
Slack         : 0.307 (arrival time - required time)
Delay         : 0.226                               

Logic Level             : 1
Non-global nets on path : 1
Global nets on path     : 0

Launch Clock Path Delay        : 2.655
+ Clock To Q + Data Path Delay : 0.367
--------------------------------------
End-of-path arrival time       : 3.022

Constraint                     : 0.000
+ Capture Clock Path Delay     : 2.655
+ Clock Uncertainty            : 0.060
--------------------------------------
End-of-path required time      : 2.715

Launch Clock Path
             name                model name   delay (ns)  cumulative delay (ns) pins on net    location
=========================================================================================================
Clock                              inpad        0.000             0.000               0       (338,323)
Clock                              inpad        0.100             0.100               2       (338,323)
Clock                              net          0.160             0.260               2       (338,323)
   Routing elements:
      Manhattan distance of X:1, Y:0
CLKBUF__0|I                        gbuf         2.395             2.655               2       (337,323)
CLKBUF__0|O                        gbuf         0.000             2.655              50       (337,323)
Clock~O                            net          0.000             2.655              50       (337,323)
top_uart_tx/r_SM_Main[1]~FF|CLK    ff           0.000             2.655              50       (6,61)   

Data Path
            name               model name   delay (ns)  cumulative delay (ns) pins on net    location
=======================================================================================================
top_uart_tx/r_SM_Main[1]~FF|Q     ff          0.141             0.141              15         (6,61)
top_uart_tx/r_SM_Main[1]          net         0.226             0.367              15         (6,61)
LUT__250|in[3]                    lut         0.000             0.367              15         (6,61)
LUT__250|out                      lut         0.000             0.367               2         (6,61)
top_uart_tx/r_SM_Main[1]~FF|D     ff          0.000             0.367               2         (6,61)

Capture Clock Path
             name                model name   delay (ns)  cumulative delay (ns) pins on net    location
=========================================================================================================
Clock                              inpad        0.000             0.000               0       (338,323)
Clock                              inpad        0.100             0.100               2       (338,323)
Clock                              net          0.160             0.260               2       (338,323)
   Routing elements:
      Manhattan distance of X:1, Y:0
CLKBUF__0|I                        gbuf         2.395             2.655               2       (337,323)
CLKBUF__0|O                        gbuf         0.000             2.655              50       (337,323)
Clock~O                            net          0.000             2.655              50       (337,323)
top_uart_tx/r_SM_Main[1]~FF|CLK    ff           0.000             2.655              50       (6,61)   

++++ Path 5 ++++++++++++++++++++++++++++++++++++++++++++++++++++++++++++++++++++

Path Begin    : top_uart_tx/r_SM_Main[2]~FF|CLK     
Path End      : Tx_Done~FF|D                        
Launch Clock  : Clock (RISE)                        
Capture Clock : Clock (RISE)                        
Slack         : 0.307 (arrival time - required time)
Delay         : 0.226                               

Logic Level             : 1
Non-global nets on path : 1
Global nets on path     : 0

Launch Clock Path Delay        : 2.655
+ Clock To Q + Data Path Delay : 0.367
--------------------------------------
End-of-path arrival time       : 3.022

Constraint                     : 0.000
+ Capture Clock Path Delay     : 2.655
+ Clock Uncertainty            : 0.060
--------------------------------------
End-of-path required time      : 2.715

Launch Clock Path
             name                model name   delay (ns)  cumulative delay (ns) pins on net    location
=========================================================================================================
Clock                              inpad        0.000             0.000               0       (338,323)
Clock                              inpad        0.100             0.100               2       (338,323)
Clock                              net          0.160             0.260               2       (338,323)
   Routing elements:
      Manhattan distance of X:1, Y:0
CLKBUF__0|I                        gbuf         2.395             2.655               2       (337,323)
CLKBUF__0|O                        gbuf         0.000             2.655              50       (337,323)
Clock~O                            net          0.000             2.655              50       (337,323)
top_uart_tx/r_SM_Main[2]~FF|CLK    ff           0.000             2.655              50       (4,64)   

Data Path
            name               model name   delay (ns)  cumulative delay (ns) pins on net    location
=======================================================================================================
top_uart_tx/r_SM_Main[2]~FF|Q     ff          0.141             0.141              16         (4,64)
top_uart_tx/r_SM_Main[2]          net         0.226             0.367              16         (4,64)
   Routing elements:
      Manhattan distance of X:0, Y:1
LUT__220|in[3]                    lut         0.000             0.367              16         (4,63)
LUT__220|out                      lut         0.000             0.367               2         (4,63)
Tx_Done~FF|D                      ff          0.000             0.367               2         (4,63)

Capture Clock Path
     name       model name   delay (ns)  cumulative delay (ns) pins on net    location
========================================================================================
Clock             inpad        0.000             0.000               0       (338,323)
Clock             inpad        0.100             0.100               2       (338,323)
Clock             net          0.160             0.260               2       (338,323)
   Routing elements:
      Manhattan distance of X:1, Y:0
CLKBUF__0|I       gbuf         2.395             2.655               2       (337,323)
CLKBUF__0|O       gbuf         0.000             2.655              50       (337,323)
Clock~O           net          0.000             2.655              50       (337,323)
Tx_Done~FF|CLK    ff           0.000             2.655              50       (4,63)   

++++ Path 6 ++++++++++++++++++++++++++++++++++++++++++++++++++++++++++++++++++++

Path Begin    : top_uart_tx/r_Clock_Count[2]~FF|CLK 
Path End      : top_uart_tx/r_Clock_Count[2]~FF|D   
Launch Clock  : Clock (RISE)                        
Capture Clock : Clock (RISE)                        
Slack         : 0.307 (arrival time - required time)
Delay         : 0.226                               

Logic Level             : 1
Non-global nets on path : 1
Global nets on path     : 0

Launch Clock Path Delay        : 2.655
+ Clock To Q + Data Path Delay : 0.367
--------------------------------------
End-of-path arrival time       : 3.022

Constraint                     : 0.000
+ Capture Clock Path Delay     : 2.655
+ Clock Uncertainty            : 0.060
--------------------------------------
End-of-path required time      : 2.715

Launch Clock Path
               name                  model name   delay (ns)  cumulative delay (ns) pins on net    location
=============================================================================================================
Clock                                  inpad        0.000             0.000               0       (338,323)
Clock                                  inpad        0.100             0.100               2       (338,323)
Clock                                  net          0.160             0.260               2       (338,323)
   Routing elements:
      Manhattan distance of X:1, Y:0
CLKBUF__0|I                            gbuf         2.395             2.655               2       (337,323)
CLKBUF__0|O                            gbuf         0.000             2.655              50       (337,323)
Clock~O                                net          0.000             2.655              50       (337,323)
top_uart_tx/r_Clock_Count[2]~FF|CLK    ff           0.000             2.655              50       (6,68)   

Data Path
              name                 model name   delay (ns)  cumulative delay (ns) pins on net    location
===========================================================================================================
top_uart_tx/r_Clock_Count[2]~FF|Q     ff          0.141             0.141              5          (6,68)
top_uart_tx/r_Clock_Count[2]          net         0.226             0.367              5          (6,68)
LUT__241|in[3]                        lut         0.000             0.367              5          (6,68)
LUT__241|out                          lut         0.000             0.367              2          (6,68)
top_uart_tx/r_Clock_Count[2]~FF|D     ff          0.000             0.367              2          (6,68)

Capture Clock Path
               name                  model name   delay (ns)  cumulative delay (ns) pins on net    location
=============================================================================================================
Clock                                  inpad        0.000             0.000               0       (338,323)
Clock                                  inpad        0.100             0.100               2       (338,323)
Clock                                  net          0.160             0.260               2       (338,323)
   Routing elements:
      Manhattan distance of X:1, Y:0
CLKBUF__0|I                            gbuf         2.395             2.655               2       (337,323)
CLKBUF__0|O                            gbuf         0.000             2.655              50       (337,323)
Clock~O                                net          0.000             2.655              50       (337,323)
top_uart_tx/r_Clock_Count[2]~FF|CLK    ff           0.000             2.655              50       (6,68)   

++++ Path 7 ++++++++++++++++++++++++++++++++++++++++++++++++++++++++++++++++++++

Path Begin    : top_uart_rx/r_Bit_Index[2]~FF|CLK   
Path End      : top_uart_rx/r_Bit_Index[2]~FF|D     
Launch Clock  : Clock (RISE)                        
Capture Clock : Clock (RISE)                        
Slack         : 0.307 (arrival time - required time)
Delay         : 0.226                               

Logic Level             : 1
Non-global nets on path : 1
Global nets on path     : 0

Launch Clock Path Delay        : 2.655
+ Clock To Q + Data Path Delay : 0.367
--------------------------------------
End-of-path arrival time       : 3.022

Constraint                     : 0.000
+ Capture Clock Path Delay     : 2.655
+ Clock Uncertainty            : 0.060
--------------------------------------
End-of-path required time      : 2.715

Launch Clock Path
              name                 model name   delay (ns)  cumulative delay (ns) pins on net    location
===========================================================================================================
Clock                                inpad        0.000             0.000               0       (338,323)
Clock                                inpad        0.100             0.100               2       (338,323)
Clock                                net          0.160             0.260               2       (338,323)
   Routing elements:
      Manhattan distance of X:1, Y:0
CLKBUF__0|I                          gbuf         2.395             2.655               2       (337,323)
CLKBUF__0|O                          gbuf         0.000             2.655              50       (337,323)
Clock~O                              net          0.000             2.655              50       (337,323)
top_uart_rx/r_Bit_Index[2]~FF|CLK    ff           0.000             2.655              50       (16,49)  

Data Path
             name                model name   delay (ns)  cumulative delay (ns) pins on net    location
=========================================================================================================
top_uart_rx/r_Bit_Index[2]~FF|Q     ff          0.141             0.141              10        (16,49)
top_uart_rx/r_Bit_Index[2]          net         0.226             0.367              10        (16,49)
LUT__215|in[3]                      lut         0.000             0.367              10        (16,49)
LUT__215|out                        lut         0.000             0.367               2        (16,49)
top_uart_rx/r_Bit_Index[2]~FF|D     ff          0.000             0.367               2        (16,49)

Capture Clock Path
              name                 model name   delay (ns)  cumulative delay (ns) pins on net    location
===========================================================================================================
Clock                                inpad        0.000             0.000               0       (338,323)
Clock                                inpad        0.100             0.100               2       (338,323)
Clock                                net          0.160             0.260               2       (338,323)
   Routing elements:
      Manhattan distance of X:1, Y:0
CLKBUF__0|I                          gbuf         2.395             2.655               2       (337,323)
CLKBUF__0|O                          gbuf         0.000             2.655              50       (337,323)
Clock~O                              net          0.000             2.655              50       (337,323)
top_uart_rx/r_Bit_Index[2]~FF|CLK    ff           0.000             2.655              50       (16,49)  

++++ Path 8 ++++++++++++++++++++++++++++++++++++++++++++++++++++++++++++++++++++

Path Begin    : top_uart_rx/r_Bit_Index[1]~FF|CLK   
Path End      : top_uart_rx/r_Bit_Index[1]~FF|D     
Launch Clock  : Clock (RISE)                        
Capture Clock : Clock (RISE)                        
Slack         : 0.307 (arrival time - required time)
Delay         : 0.226                               

Logic Level             : 1
Non-global nets on path : 1
Global nets on path     : 0

Launch Clock Path Delay        : 2.655
+ Clock To Q + Data Path Delay : 0.367
--------------------------------------
End-of-path arrival time       : 3.022

Constraint                     : 0.000
+ Capture Clock Path Delay     : 2.655
+ Clock Uncertainty            : 0.060
--------------------------------------
End-of-path required time      : 2.715

Launch Clock Path
              name                 model name   delay (ns)  cumulative delay (ns) pins on net    location
===========================================================================================================
Clock                                inpad        0.000             0.000               0       (338,323)
Clock                                inpad        0.100             0.100               2       (338,323)
Clock                                net          0.160             0.260               2       (338,323)
   Routing elements:
      Manhattan distance of X:1, Y:0
CLKBUF__0|I                          gbuf         2.395             2.655               2       (337,323)
CLKBUF__0|O                          gbuf         0.000             2.655              50       (337,323)
Clock~O                              net          0.000             2.655              50       (337,323)
top_uart_rx/r_Bit_Index[1]~FF|CLK    ff           0.000             2.655              50       (16,48)  

Data Path
             name                model name   delay (ns)  cumulative delay (ns) pins on net    location
=========================================================================================================
top_uart_rx/r_Bit_Index[1]~FF|Q     ff          0.141             0.141              11        (16,48)
top_uart_rx/r_Bit_Index[1]          net         0.226             0.367              11        (16,48)
LUT__214|in[3]                      lut         0.000             0.367              11        (16,48)
LUT__214|out                        lut         0.000             0.367               2        (16,48)
top_uart_rx/r_Bit_Index[1]~FF|D     ff          0.000             0.367               2        (16,48)

Capture Clock Path
              name                 model name   delay (ns)  cumulative delay (ns) pins on net    location
===========================================================================================================
Clock                                inpad        0.000             0.000               0       (338,323)
Clock                                inpad        0.100             0.100               2       (338,323)
Clock                                net          0.160             0.260               2       (338,323)
   Routing elements:
      Manhattan distance of X:1, Y:0
CLKBUF__0|I                          gbuf         2.395             2.655               2       (337,323)
CLKBUF__0|O                          gbuf         0.000             2.655              50       (337,323)
Clock~O                              net          0.000             2.655              50       (337,323)
top_uart_rx/r_Bit_Index[1]~FF|CLK    ff           0.000             2.655              50       (16,48)  

++++ Path 9 ++++++++++++++++++++++++++++++++++++++++++++++++++++++++++++++++++++

Path Begin    : top_uart_tx/r_Clock_Count[0]~FF|CLK 
Path End      : top_uart_tx/r_Clock_Count[0]~FF|D   
Launch Clock  : Clock (RISE)                        
Capture Clock : Clock (RISE)                        
Slack         : 0.307 (arrival time - required time)
Delay         : 0.226                               

Logic Level             : 1
Non-global nets on path : 1
Global nets on path     : 0

Launch Clock Path Delay        : 2.655
+ Clock To Q + Data Path Delay : 0.367
--------------------------------------
End-of-path arrival time       : 3.022

Constraint                     : 0.000
+ Capture Clock Path Delay     : 2.655
+ Clock Uncertainty            : 0.060
--------------------------------------
End-of-path required time      : 2.715

Launch Clock Path
               name                  model name   delay (ns)  cumulative delay (ns) pins on net    location
=============================================================================================================
Clock                                  inpad        0.000             0.000               0       (338,323)
Clock                                  inpad        0.100             0.100               2       (338,323)
Clock                                  net          0.160             0.260               2       (338,323)
   Routing elements:
      Manhattan distance of X:1, Y:0
CLKBUF__0|I                            gbuf         2.395             2.655               2       (337,323)
CLKBUF__0|O                            gbuf         0.000             2.655              50       (337,323)
Clock~O                                net          0.000             2.655              50       (337,323)
top_uart_tx/r_Clock_Count[0]~FF|CLK    ff           0.000             2.655              50       (8,69)   

Data Path
              name                 model name   delay (ns)  cumulative delay (ns) pins on net    location
===========================================================================================================
top_uart_tx/r_Clock_Count[0]~FF|Q     ff          0.141             0.141              5          (8,69)
top_uart_tx/r_Clock_Count[0]          net         0.226             0.367              5          (8,69)
LUT__219|in[3]                        lut         0.000             0.367              5          (8,69)
LUT__219|out                          lut         0.000             0.367              2          (8,69)
top_uart_tx/r_Clock_Count[0]~FF|D     ff          0.000             0.367              2          (8,69)

Capture Clock Path
               name                  model name   delay (ns)  cumulative delay (ns) pins on net    location
=============================================================================================================
Clock                                  inpad        0.000             0.000               0       (338,323)
Clock                                  inpad        0.100             0.100               2       (338,323)
Clock                                  net          0.160             0.260               2       (338,323)
   Routing elements:
      Manhattan distance of X:1, Y:0
CLKBUF__0|I                            gbuf         2.395             2.655               2       (337,323)
CLKBUF__0|O                            gbuf         0.000             2.655              50       (337,323)
Clock~O                                net          0.000             2.655              50       (337,323)
top_uart_tx/r_Clock_Count[0]~FF|CLK    ff           0.000             2.655              50       (8,69)   

++++ Path 10 +++++++++++++++++++++++++++++++++++++++++++++++++++++++++++++++++++

Path Begin    : top_uart_tx/r_Clock_Count[6]~FF|CLK 
Path End      : top_uart_tx/r_Clock_Count[6]~FF|D   
Launch Clock  : Clock (RISE)                        
Capture Clock : Clock (RISE)                        
Slack         : 0.307 (arrival time - required time)
Delay         : 0.226                               

Logic Level             : 1
Non-global nets on path : 1
Global nets on path     : 0

Launch Clock Path Delay        : 2.655
+ Clock To Q + Data Path Delay : 0.367
--------------------------------------
End-of-path arrival time       : 3.022

Constraint                     : 0.000
+ Capture Clock Path Delay     : 2.655
+ Clock Uncertainty            : 0.060
--------------------------------------
End-of-path required time      : 2.715

Launch Clock Path
               name                  model name   delay (ns)  cumulative delay (ns) pins on net    location
=============================================================================================================
Clock                                  inpad        0.000             0.000               0       (338,323)
Clock                                  inpad        0.100             0.100               2       (338,323)
Clock                                  net          0.160             0.260               2       (338,323)
   Routing elements:
      Manhattan distance of X:1, Y:0
CLKBUF__0|I                            gbuf         2.395             2.655               2       (337,323)
CLKBUF__0|O                            gbuf         0.000             2.655              50       (337,323)
Clock~O                                net          0.000             2.655              50       (337,323)
top_uart_tx/r_Clock_Count[6]~FF|CLK    ff           0.000             2.655              50       (4,68)   

Data Path
              name                 model name   delay (ns)  cumulative delay (ns) pins on net    location
===========================================================================================================
top_uart_tx/r_Clock_Count[6]~FF|Q     ff          0.141             0.141              4          (4,68)
top_uart_tx/r_Clock_Count[6]          net         0.226             0.367              4          (4,68)
LUT__247|in[3]                        lut         0.000             0.367              4          (4,68)
LUT__247|out                          lut         0.000             0.367              2          (4,68)
top_uart_tx/r_Clock_Count[6]~FF|D     ff          0.000             0.367              2          (4,68)

Capture Clock Path
               name                  model name   delay (ns)  cumulative delay (ns) pins on net    location
=============================================================================================================
Clock                                  inpad        0.000             0.000               0       (338,323)
Clock                                  inpad        0.100             0.100               2       (338,323)
Clock                                  net          0.160             0.260               2       (338,323)
   Routing elements:
      Manhattan distance of X:1, Y:0
CLKBUF__0|I                            gbuf         2.395             2.655               2       (337,323)
CLKBUF__0|O                            gbuf         0.000             2.655              50       (337,323)
Clock~O                                net          0.000             2.655              50       (337,323)
top_uart_tx/r_Clock_Count[6]~FF|CLK    ff           0.000             2.655              50       (4,68)   

---------- Path Details for Min Critical Paths (end) ---------------

