
///////////////////////////////////
// Efinity Synthesis Started 
// Feb 07, 2024 17:39:03
///////////////////////////////////

[EFX-0011 VERI-WARNING] parameter 's_IDLE' becomes localparam in 'uart_tx' with formal parameter declaration list (VERI-1199) (C:\Users\kaush\Desktop\Vicharak\Onboarding\UART\uart_tx.v:22)
[EFX-0011 VERI-WARNING] parameter 's_TX_START_BIT' becomes localparam in 'uart_tx' with formal parameter declaration list (VERI-1199) (C:\Users\kaush\Desktop\Vicharak\Onboarding\UART\uart_tx.v:23)
[EFX-0011 VERI-WARNING] parameter 's_TX_DATA_BITS' becomes localparam in 'uart_tx' with formal parameter declaration list (VERI-1199) (C:\Users\kaush\Desktop\Vicharak\Onboarding\UART\uart_tx.v:24)
[EFX-0011 VERI-WARNING] parameter 's_TX_STOP_BIT' becomes localparam in 'uart_tx' with formal parameter declaration list (VERI-1199) (C:\Users\kaush\Desktop\Vicharak\Onboarding\UART\uart_tx.v:25)
[EFX-0011 VERI-WARNING] parameter 's_CLEANUP' becomes localparam in 'uart_tx' with formal parameter declaration list (VERI-1199) (C:\Users\kaush\Desktop\Vicharak\Onboarding\UART\uart_tx.v:26)
[EFX-0011 VERI-WARNING] parameter 's_IDLE' becomes localparam in 'uart_rx' with formal parameter declaration list (VERI-1199) (C:\Users\kaush\Desktop\Vicharak\Onboarding\UART\uart_rx.v:21)
[EFX-0011 VERI-WARNING] parameter 's_RX_START_BIT' becomes localparam in 'uart_rx' with formal parameter declaration list (VERI-1199) (C:\Users\kaush\Desktop\Vicharak\Onboarding\UART\uart_rx.v:22)
[EFX-0011 VERI-WARNING] parameter 's_RX_DATA_BITS' becomes localparam in 'uart_rx' with formal parameter declaration list (VERI-1199) (C:\Users\kaush\Desktop\Vicharak\Onboarding\UART\uart_rx.v:23)
[EFX-0011 VERI-WARNING] parameter 's_RX_STOP_BIT' becomes localparam in 'uart_rx' with formal parameter declaration list (VERI-1199) (C:\Users\kaush\Desktop\Vicharak\Onboarding\UART\uart_rx.v:24)
[EFX-0011 VERI-WARNING] parameter 's_CLEANUP' becomes localparam in 'uart_rx' with formal parameter declaration list (VERI-1199) (C:\Users\kaush\Desktop\Vicharak\Onboarding\UART\uart_rx.v:25)
[EFX-0011 VERI-WARNING] redeclaration of ANSI port 'Clock' is not allowed (VERI-1372) (C:\Users\kaush\Desktop\Vicharak\Onboarding\UART\top.v:12)

///////////////////////////////////
// Efinity Synthesis Started 
// Feb 07, 2024 17:39:59
///////////////////////////////////

[EFX-0011 VERI-WARNING] parameter 's_IDLE' becomes localparam in 'uart_tx' with formal parameter declaration list (VERI-1199) (C:\Users\kaush\Desktop\Vicharak\Onboarding\UART\uart_tx.v:22)
[EFX-0011 VERI-WARNING] parameter 's_TX_START_BIT' becomes localparam in 'uart_tx' with formal parameter declaration list (VERI-1199) (C:\Users\kaush\Desktop\Vicharak\Onboarding\UART\uart_tx.v:23)
[EFX-0011 VERI-WARNING] parameter 's_TX_DATA_BITS' becomes localparam in 'uart_tx' with formal parameter declaration list (VERI-1199) (C:\Users\kaush\Desktop\Vicharak\Onboarding\UART\uart_tx.v:24)
[EFX-0011 VERI-WARNING] parameter 's_TX_STOP_BIT' becomes localparam in 'uart_tx' with formal parameter declaration list (VERI-1199) (C:\Users\kaush\Desktop\Vicharak\Onboarding\UART\uart_tx.v:25)
[EFX-0011 VERI-WARNING] parameter 's_CLEANUP' becomes localparam in 'uart_tx' with formal parameter declaration list (VERI-1199) (C:\Users\kaush\Desktop\Vicharak\Onboarding\UART\uart_tx.v:26)
[EFX-0011 VERI-WARNING] parameter 's_IDLE' becomes localparam in 'uart_rx' with formal parameter declaration list (VERI-1199) (C:\Users\kaush\Desktop\Vicharak\Onboarding\UART\uart_rx.v:21)
[EFX-0011 VERI-WARNING] parameter 's_RX_START_BIT' becomes localparam in 'uart_rx' with formal parameter declaration list (VERI-1199) (C:\Users\kaush\Desktop\Vicharak\Onboarding\UART\uart_rx.v:22)
[EFX-0011 VERI-WARNING] parameter 's_RX_DATA_BITS' becomes localparam in 'uart_rx' with formal parameter declaration list (VERI-1199) (C:\Users\kaush\Desktop\Vicharak\Onboarding\UART\uart_rx.v:23)
[EFX-0011 VERI-WARNING] parameter 's_RX_STOP_BIT' becomes localparam in 'uart_rx' with formal parameter declaration list (VERI-1199) (C:\Users\kaush\Desktop\Vicharak\Onboarding\UART\uart_rx.v:24)
[EFX-0011 VERI-WARNING] parameter 's_CLEANUP' becomes localparam in 'uart_rx' with formal parameter declaration list (VERI-1199) (C:\Users\kaush\Desktop\Vicharak\Onboarding\UART\uart_rx.v:25)
[EFX-0011 VERI-WARNING] redeclaration of ANSI port 'Clock' is not allowed (VERI-1372) (C:\Users\kaush\Desktop\Vicharak\Onboarding\UART\top.v:12)

///////////////////////////////////
// Efinity Synthesis Started 
// Feb 07, 2024 17:40:25
///////////////////////////////////

[EFX-0011 VERI-WARNING] parameter 's_IDLE' becomes localparam in 'uart_tx' with formal parameter declaration list (VERI-1199) (C:\Users\kaush\Desktop\Vicharak\Onboarding\UART\uart_tx.v:22)
[EFX-0011 VERI-WARNING] parameter 's_TX_START_BIT' becomes localparam in 'uart_tx' with formal parameter declaration list (VERI-1199) (C:\Users\kaush\Desktop\Vicharak\Onboarding\UART\uart_tx.v:23)
[EFX-0011 VERI-WARNING] parameter 's_TX_DATA_BITS' becomes localparam in 'uart_tx' with formal parameter declaration list (VERI-1199) (C:\Users\kaush\Desktop\Vicharak\Onboarding\UART\uart_tx.v:24)
[EFX-0011 VERI-WARNING] parameter 's_TX_STOP_BIT' becomes localparam in 'uart_tx' with formal parameter declaration list (VERI-1199) (C:\Users\kaush\Desktop\Vicharak\Onboarding\UART\uart_tx.v:25)
[EFX-0011 VERI-WARNING] parameter 's_CLEANUP' becomes localparam in 'uart_tx' with formal parameter declaration list (VERI-1199) (C:\Users\kaush\Desktop\Vicharak\Onboarding\UART\uart_tx.v:26)
[EFX-0011 VERI-WARNING] parameter 's_IDLE' becomes localparam in 'uart_rx' with formal parameter declaration list (VERI-1199) (C:\Users\kaush\Desktop\Vicharak\Onboarding\UART\uart_rx.v:21)
[EFX-0011 VERI-WARNING] parameter 's_RX_START_BIT' becomes localparam in 'uart_rx' with formal parameter declaration list (VERI-1199) (C:\Users\kaush\Desktop\Vicharak\Onboarding\UART\uart_rx.v:22)
[EFX-0011 VERI-WARNING] parameter 's_RX_DATA_BITS' becomes localparam in 'uart_rx' with formal parameter declaration list (VERI-1199) (C:\Users\kaush\Desktop\Vicharak\Onboarding\UART\uart_rx.v:23)
[EFX-0011 VERI-WARNING] parameter 's_RX_STOP_BIT' becomes localparam in 'uart_rx' with formal parameter declaration list (VERI-1199) (C:\Users\kaush\Desktop\Vicharak\Onboarding\UART\uart_rx.v:24)
[EFX-0011 VERI-WARNING] parameter 's_CLEANUP' becomes localparam in 'uart_rx' with formal parameter declaration list (VERI-1199) (C:\Users\kaush\Desktop\Vicharak\Onboarding\UART\uart_rx.v:25)
[EFX-0011 VERI-WARNING] expression size 9 truncated to fit in target size 8 (VERI-1209) (C:\Users\kaush\Desktop\Vicharak\Onboarding\UART\uart_tx.v:65)
[EFX-0011 VERI-WARNING] expression size 9 truncated to fit in target size 8 (VERI-1209) (C:\Users\kaush\Desktop\Vicharak\Onboarding\UART\uart_tx.v:83)
[EFX-0011 VERI-WARNING] expression size 4 truncated to fit in target size 3 (VERI-1209) (C:\Users\kaush\Desktop\Vicharak\Onboarding\UART\uart_tx.v:93)
[EFX-0011 VERI-WARNING] expression size 9 truncated to fit in target size 8 (VERI-1209) (C:\Users\kaush\Desktop\Vicharak\Onboarding\UART\uart_tx.v:113)
[EFX-0011 VERI-WARNING] expression size 9 truncated to fit in target size 8 (VERI-1209) (C:\Users\kaush\Desktop\Vicharak\Onboarding\UART\uart_rx.v:79)
[EFX-0011 VERI-WARNING] expression size 9 truncated to fit in target size 8 (VERI-1209) (C:\Users\kaush\Desktop\Vicharak\Onboarding\UART\uart_rx.v:90)
[EFX-0011 VERI-WARNING] expression size 4 truncated to fit in target size 3 (VERI-1209) (C:\Users\kaush\Desktop\Vicharak\Onboarding\UART\uart_rx.v:101)
[EFX-0011 VERI-WARNING] expression size 9 truncated to fit in target size 8 (VERI-1209) (C:\Users\kaush\Desktop\Vicharak\Onboarding\UART\uart_rx.v:119)
[EFX-0008 WARNING] Top module not specified. 'top' is used as top module for the design.

///////////////////////////////////
// Efinity Synthesis Started 
// Feb 07, 2024 17:41:22
///////////////////////////////////

[EFX-0011 VERI-WARNING] parameter 's_IDLE' becomes localparam in 'uart_tx' with formal parameter declaration list (VERI-1199) (C:\Users\kaush\Desktop\Vicharak\Onboarding\UART\uart_tx.v:22)
[EFX-0011 VERI-WARNING] parameter 's_TX_START_BIT' becomes localparam in 'uart_tx' with formal parameter declaration list (VERI-1199) (C:\Users\kaush\Desktop\Vicharak\Onboarding\UART\uart_tx.v:23)
[EFX-0011 VERI-WARNING] parameter 's_TX_DATA_BITS' becomes localparam in 'uart_tx' with formal parameter declaration list (VERI-1199) (C:\Users\kaush\Desktop\Vicharak\Onboarding\UART\uart_tx.v:24)
[EFX-0011 VERI-WARNING] parameter 's_TX_STOP_BIT' becomes localparam in 'uart_tx' with formal parameter declaration list (VERI-1199) (C:\Users\kaush\Desktop\Vicharak\Onboarding\UART\uart_tx.v:25)
[EFX-0011 VERI-WARNING] parameter 's_CLEANUP' becomes localparam in 'uart_tx' with formal parameter declaration list (VERI-1199) (C:\Users\kaush\Desktop\Vicharak\Onboarding\UART\uart_tx.v:26)
[EFX-0011 VERI-WARNING] parameter 's_IDLE' becomes localparam in 'uart_rx' with formal parameter declaration list (VERI-1199) (C:\Users\kaush\Desktop\Vicharak\Onboarding\UART\uart_rx.v:21)
[EFX-0011 VERI-WARNING] parameter 's_RX_START_BIT' becomes localparam in 'uart_rx' with formal parameter declaration list (VERI-1199) (C:\Users\kaush\Desktop\Vicharak\Onboarding\UART\uart_rx.v:22)
[EFX-0011 VERI-WARNING] parameter 's_RX_DATA_BITS' becomes localparam in 'uart_rx' with formal parameter declaration list (VERI-1199) (C:\Users\kaush\Desktop\Vicharak\Onboarding\UART\uart_rx.v:23)
[EFX-0011 VERI-WARNING] parameter 's_RX_STOP_BIT' becomes localparam in 'uart_rx' with formal parameter declaration list (VERI-1199) (C:\Users\kaush\Desktop\Vicharak\Onboarding\UART\uart_rx.v:24)
[EFX-0011 VERI-WARNING] parameter 's_CLEANUP' becomes localparam in 'uart_rx' with formal parameter declaration list (VERI-1199) (C:\Users\kaush\Desktop\Vicharak\Onboarding\UART\uart_rx.v:25)
[EFX-0011 VERI-WARNING] expression size 9 truncated to fit in target size 8 (VERI-1209) (C:\Users\kaush\Desktop\Vicharak\Onboarding\UART\uart_tx.v:65)
[EFX-0011 VERI-WARNING] expression size 9 truncated to fit in target size 8 (VERI-1209) (C:\Users\kaush\Desktop\Vicharak\Onboarding\UART\uart_tx.v:83)
[EFX-0011 VERI-WARNING] expression size 4 truncated to fit in target size 3 (VERI-1209) (C:\Users\kaush\Desktop\Vicharak\Onboarding\UART\uart_tx.v:93)
[EFX-0011 VERI-WARNING] expression size 9 truncated to fit in target size 8 (VERI-1209) (C:\Users\kaush\Desktop\Vicharak\Onboarding\UART\uart_tx.v:113)
[EFX-0011 VERI-WARNING] expression size 9 truncated to fit in target size 8 (VERI-1209) (C:\Users\kaush\Desktop\Vicharak\Onboarding\UART\uart_rx.v:79)
[EFX-0011 VERI-WARNING] expression size 9 truncated to fit in target size 8 (VERI-1209) (C:\Users\kaush\Desktop\Vicharak\Onboarding\UART\uart_rx.v:90)
[EFX-0011 VERI-WARNING] expression size 4 truncated to fit in target size 3 (VERI-1209) (C:\Users\kaush\Desktop\Vicharak\Onboarding\UART\uart_rx.v:101)
[EFX-0011 VERI-WARNING] expression size 9 truncated to fit in target size 8 (VERI-1209) (C:\Users\kaush\Desktop\Vicharak\Onboarding\UART\uart_rx.v:119)
[EFX-0008 WARNING] Top module not specified. 'top' is used as top module for the design.
